#
# A fatal error has been detected by the Java Runtime Environment:
#
#  SIGSEGV (0xb) at pc=0x000000010470abb0, pid=63071, tid=13315
#
# JRE version: Java(TM) SE Runtime Environment (8.0_65-b17) (build 1.8.0_65-b17)
# Java VM: Java HotSpot(TM) 64-Bit Server VM (25.65-b01 mixed mode bsd-amd64 compressed oops)
# Problematic frame:
# V  [libjvm.dylib+0x30abb0]
#
# Failed to write core dump. Core dumps have been disabled. To enable core dumping, try "ulimit -c unlimited" before starting Java again
#
# If you would like to submit a bug report, please visit:
#   http://bugreport.java.com/bugreport/crash.jsp
#

---------------  T H R E A D  ---------------

Current thread (0x00007f861b02a000):  VMThread [stack: 0x0000700000a35000,0x0000700000b35000] [id=13315]

siginfo: si_signo: 11 (SIGSEGV), si_code: 0 (unknown), si_addr: 0x0000000000000000

Registers:
RAX=0x0000000000000000, RBX=0x00000000000000a2, RCX=0x0000590000000000, RDX=0x00007fff7da8d0d0
RSP=0x0000700000b34ab0, RBP=0x0000700000b34ad0, RSI=0x0000590000005900, RDI=0x0000000104cd5ae0
R8 =0x00000000fffffffc, R9 =0x00007fff7da8d0c8, R10=0x00000000ffffffff, R11=0xffffffff00000000
R12=0x0000000103045010, R13=0x0000000000000002, R14=0x0000000104cd5ae0, R15=0xff000000ff000000
RIP=0x000000010470abb0, EFLAGS=0x0000000000010286, ERR=0x0000000000000000
  TRAPNO=0x000000000000000d

Top of Stack: (sp=0x0000700000b34ab0)
0x0000700000b34ab0:   0000000000000000 0000000103045010
0x0000700000b34ac0:   000000000000000d 0000000000000180
0x0000700000b34ad0:   0000700000b34b20 00007fff9def946b
0x0000700000b34ae0:   0000000000000008 000000002183dd50
0x0000700000b34af0:   000000000000000c 0000000000000000
0x0000700000b34b00:   0000000000000004 0000000000003400
0x0000700000b34b10:   0000000000000000 0000000104c44b60
0x0000700000b34b20:   0000700000b34b40 00007fff9def976f
0x0000700000b34b30:   0000000000000000 0000000000000000
0x0000700000b34b40:   0000700000b34b60 00000001046e926a
0x0000700000b34b50:   0000700000b34b90 0000700001f7a798
0x0000700000b34b60:   0000700000b34ba0 00000001049ae00d
0x0000700000b34b70:   00007f8619e0c250 00007f8619e05de0
0x0000700000b34b80:   00007f8619e05df0 00007f8619e061c8
0x0000700000b34b90:   00000000000003d8 0000700001f7a798
0x0000700000b34ba0:   0000700000b34c40 00000001049ac677
0x0000700000b34bb0:   0000000000000000 0000000000000000
0x0000700000b34bc0:   0000000000000000 0000000000000000
0x0000700000b34bd0:   0000000000000000 0000e1e1c96d12f9
0x0000700000b34be0:   0000700000b34c01 00007f8619e0d2c0
0x0000700000b34bf0:   0000000000000000 00007f8619e0c250
0x0000700000b34c00:   00007f8619e05de0 00007f8619e05df0
0x0000700000b34c10:   00007f8619e061c8 00000000000003d8
0x0000700000b34c20:   00007f861b02a000 0000000000000000
0x0000700000b34c30:   0000000104cde180 0000000104cd4e40
0x0000700000b34c40:   0000700000b34e20 00000001049acac4
0x0000700000b34c50:   0000000000000000 0000000000000000
0x0000700000b34c60:   0000000000001400 0000000103049a00
0x0000700000b34c70:   0000700000b34de0 0000700000b34de8
0x0000700000b34c80:   0000700000b34dd0 000000010304ae00
0x0000700000b34c90:   00007f8619e01e70 0000000000000138
0x0000700000b34ca0:   0000700000b34ca8 6e69747563657845 

Instructions: (pc=0x000000010470abb0)
0x000000010470ab90:   5d e9 7c 28 17 00 55 48 89 e5 41 57 41 56 41 54
0x000000010470aba0:   53 31 db 49 89 fe 4d 8b 7c de 10 4d 85 ff 74 2c
0x000000010470abb0:   4d 8b 67 18 49 8b 7f 20 48 85 ff 74 0a be 0e 00
0x000000010470abc0:   00 00 e8 4b 28 17 00 4c 89 ff be 0e 00 00 00 e8 

Register to memory mapping:

RAX=0x0000000000000000 is an unknown value
RBX=0x00000000000000a2 is an unknown value
RCX=0x0000590000000000 is an unknown value
RDX=0x00007fff7da8d0d0: atexit_mutex+0x20 in /usr/lib/system/libsystem_c.dylib at 0x00007fff9de9a000
RSP=0x0000700000b34ab0 is an unknown value
RBP=0x0000700000b34ad0 is an unknown value
RSI=0x0000590000005900 is an unknown value
RDI=0x0000000104cd5ae0: _ZN3Jfr16_jfr_stacktracesE+0 in /Library/Java/JavaVirtualMachines/jdk1.8.0_65.jdk/Contents/Home/jre/lib/server/libjvm.dylib at 0x0000000104400000
R8 =0x00000000fffffffc is an unknown value
R9 =0x00007fff7da8d0c8: atexit_mutex+0x18 in /usr/lib/system/libsystem_c.dylib at 0x00007fff9de9a000
R10=0x00000000ffffffff is an unknown value
R11=0xffffffff00000000 is an unknown value
R12=0x0000000103045010 is an unknown value
R13=0x0000000000000002 is an unknown value
R14=0x0000000104cd5ae0: _ZN3Jfr16_jfr_stacktracesE+0 in /Library/Java/JavaVirtualMachines/jdk1.8.0_65.jdk/Contents/Home/jre/lib/server/libjvm.dylib at 0x0000000104400000
R15=0xff000000ff000000 is an unknown value


Stack: [0x0000700000a35000,0x0000700000b35000],  sp=0x0000700000b34ab0,  free space=1022k
Native frames: (J=compiled Java code, j=interpreted, Vv=VM code, C=native code)
V  [libjvm.dylib+0x30abb0]
C  [libsystem_c.dylib+0x5f46b]  __cxa_finalize_ranges+0x159
C  [libsystem_c.dylib+0x5f76f]  exit+0x37
V  [libjvm.dylib+0x2e926a]
V  [libjvm.dylib+0x5ae00d]
V  [libjvm.dylib+0x5ac677]
V  [libjvm.dylib+0x5acac4]
V  [libjvm.dylib+0x5ac3e3]
V  [libjvm.dylib+0x48342e]
C  [libsystem_pthread.dylib+0x3c13]  _pthread_body+0x83
C  [libsystem_pthread.dylib+0x3b90]  _pthread_body+0x0
C  [libsystem_pthread.dylib+0x1375]  thread_start+0xd

VM_Operation (0x0000700001f7a798): Exit, mode: safepoint, requested by thread 0x00007f861abd3800


---------------  P R O C E S S  ---------------

Java Threads: ( => current thread )
  0x00007f861b133000 JavaThread "DestroyJavaVM" [_thread_blocked, id=5891, stack(0x000070000011a000,0x000070000021a000)]
  0x00007f861a90b000 JavaThread "Abandoned connection cleanup thread" daemon [_thread_blocked, id=28691, stack(0x0000700001aee000,0x0000700001bee000)]
  0x00007f861ad7b800 JavaThread "TimerQueue" daemon [_thread_blocked, id=35363, stack(0x0000700000d3e000,0x0000700000e3e000)]
  0x00007f861b94f800 JavaThread "org.netbeans.modules.debugger.jpda.visual AWT Access Loop" daemon [_thread_blocked, id=61707, stack(0x0000700001f80000,0x0000700002080000)]
  0x00007f861abd3800 JavaThread "AWT-EventQueue-0" [_thread_blocked, id=61187, stack(0x0000700001e7d000,0x0000700001f7d000)]
  0x00007f861a108800 JavaThread "Java2D Disposer" daemon [_thread_blocked, id=60679, stack(0x0000700001d7a000,0x0000700001e7a000)]
  0x00007f861b922000 JavaThread "Java2D Queue Flusher" daemon [_thread_blocked, id=55303, stack(0x0000700001c77000,0x0000700001d77000)]
  0x00007f861a0de800 JavaThread "AWT-Shutdown" [_thread_blocked, id=33555, stack(0x00007000019eb000,0x0000700001aeb000)]
  0x00007f861a0da800 JavaThread "AppKit Thread" daemon [_thread_in_native, id=2571, stack(0x00007fff5c3d5000,0x00007fff5cbd5000)]
  0x00007f861b044800 JavaThread "Service Thread" daemon [_thread_blocked, id=23043, stack(0x00007000016df000,0x00007000017df000)]
  0x00007f861c801800 JavaThread "C1 CompilerThread3" daemon [_thread_blocked, id=22531, stack(0x00007000015dc000,0x00007000016dc000)]
  0x00007f861b02b800 JavaThread "C2 CompilerThread2" daemon [_thread_blocked, id=22019, stack(0x00007000014d9000,0x00007000015d9000)]
  0x00007f861d001000 JavaThread "C2 CompilerThread1" daemon [_thread_blocked, id=21507, stack(0x00007000013d6000,0x00007000014d6000)]
  0x00007f861c800800 JavaThread "C2 CompilerThread0" daemon [_thread_blocked, id=20995, stack(0x00007000012d3000,0x00007000013d3000)]
  0x00007f861b02a800 JavaThread "JDWP Event Helper Thread" daemon [_thread_blocked, id=19971, stack(0x00007000010cd000,0x00007000011cd000)]
  0x00007f861a826000 JavaThread "Signal Dispatcher" daemon [_thread_blocked, id=18711, stack(0x0000700000ec7000,0x0000700000fc7000)]
  0x00007f861b831800 JavaThread "Finalizer" daemon [_thread_blocked, id=14339, stack(0x0000700000c3b000,0x0000700000d3b000)]
  0x00007f861a800000 JavaThread "Reference Handler" daemon [_thread_blocked, id=13827, stack(0x0000700000b38000,0x0000700000c38000)]

Other Threads:
=>0x00007f861b02a000 VMThread [stack: 0x0000700000a35000,0x0000700000b35000] [id=13315]

VM state:at safepoint (shutting down)

VM Mutex/Monitor currently owned by a thread:  ([mutex/lock_event])
[0x00007f8619e01d70] Threads_lock - owner thread: 0x00007f861b02a000

Heap:
 PSYoungGen      total 36352K, used 10684K [0x00000007aab00000, 0x00000007ad700000, 0x00000007c0000000)
  eden space 28672K, 21% used [0x00000007aab00000,0x00000007ab109750,0x00000007ac700000)
  from space 7680K, 58% used [0x00000007acf80000,0x00000007ad3e5a48,0x00000007ad700000)
  to   space 8192K, 0% used [0x00000007ac700000,0x00000007ac700000,0x00000007acf00000)
 ParOldGen       total 25088K, used 11758K [0x0000000780000000, 0x0000000781880000, 0x00000007aab00000)
  object space 25088K, 46% used [0x0000000780000000,0x0000000780b7b8b0,0x0000000781880000)
 Metaspace       used 26519K, capacity 26782K, committed 27136K, reserved 1073152K
  class space    used 3419K, capacity 3522K, committed 3584K, reserved 1048576K

Card table byte_map: [0x0000000114752000,0x0000000114953000] byte_map_base: 0x0000000110b52000

Marking Bits: (ParMarkBitMap*) 0x0000000104cdee20
 Begin Bits: [0x0000000114aa9000, 0x0000000115aa9000)
 End Bits:   [0x0000000115aa9000, 0x0000000116aa9000)

Polling page: 0x00000001033a5000

CodeCache: size=245760Kb used=2433Kb max_used=2433Kb free=243326Kb
 bounds [0x0000000105392000, 0x0000000105602000, 0x0000000114392000]
 total_blobs=1139 nmethods=565 adapters=496
 compilation: enabled

Compilation events (10 events):
Event: 248359.597 Thread 0x00007f861c801800 nmethod 610 0x00000001055f01d0 code [0x00000001055f03a0, 0x00000001055f0d18]
Event: 248359.597 Thread 0x00007f861c801800  605  s    3       java.beans.ChangeListenerMap::get (25 bytes)
Event: 248359.597 Thread 0x00007f861c801800 nmethod 605 0x00000001055f10d0 code [0x00000001055f1260, 0x00000001055f1748]
Event: 248359.597 Thread 0x00007f861c801800  607       3       javax.swing.JComponent::getWidth (5 bytes)
Event: 248359.597 Thread 0x00007f861c801800 nmethod 607 0x00000001055f1850 code [0x00000001055f19c0, 0x00000001055f1b30]
Event: 248359.597 Thread 0x00007f861c801800  608       1       java.awt.Component::getHeight (5 bytes)
Event: 248359.597 Thread 0x00007f861c801800 nmethod 608 0x00000001055f1bd0 code [0x00000001055f1d20, 0x00000001055f1e30]
Event: 248359.597 Thread 0x00007f861c801800  602       3       java.awt.event.InputEvent::<init> (26 bytes)
Event: 248359.598 Thread 0x00007f861c801800 nmethod 602 0x00000001055f1e90 code [0x00000001055f2020, 0x00000001055f2278]
Event: 248359.598 Thread 0x00007f861c801800  603   !   3       java.awt.event.InputEvent::canAccessSystemClipboard (57 bytes)

GC Heap History (10 events):
Event: 25.928 GC heap before
{Heap before GC invocations=5 (full 1):
 PSYoungGen      total 18944K, used 16384K [0x00000007aab00000, 0x00000007ac000000, 0x00000007c0000000)
  eden space 16384K, 100% used [0x00000007aab00000,0x00000007abb00000,0x00000007abb00000)
  from space 2560K, 0% used [0x00000007abb00000,0x00000007abb00000,0x00000007abd80000)
  to   space 2560K, 0% used [0x00000007abd80000,0x00000007abd80000,0x00000007ac000000)
 ParOldGen       total 25088K, used 4856K [0x0000000780000000, 0x0000000781880000, 0x00000007aab00000)
  object space 25088K, 19% used [0x0000000780000000,0x00000007804be338,0x0000000781880000)
 Metaspace       used 21755K, capacity 21978K, committed 22144K, reserved 1069056K
  class space    used 2758K, capacity 2842K, committed 2944K, reserved 1048576K
Event: 25.932 GC heap after
Heap after GC invocations=5 (full 1):
 PSYoungGen      total 18944K, used 2531K [0x00000007aab00000, 0x00000007ac000000, 0x00000007c0000000)
  eden space 16384K, 0% used [0x00000007aab00000,0x00000007aab00000,0x00000007abb00000)
  from space 2560K, 98% used [0x00000007abd80000,0x00000007abff8e08,0x00000007ac000000)
  to   space 2560K, 0% used [0x00000007abb00000,0x00000007abb00000,0x00000007abd80000)
 ParOldGen       total 25088K, used 6666K [0x0000000780000000, 0x0000000781880000, 0x00000007aab00000)
  object space 25088K, 26% used [0x0000000780000000,0x0000000780682b78,0x0000000781880000)
 Metaspace       used 21755K, capacity 21978K, committed 22144K, reserved 1069056K
  class space    used 2758K, capacity 2842K, committed 2944K, reserved 1048576K
}
Event: 26.197 GC heap before
{Heap before GC invocations=6 (full 1):
 PSYoungGen      total 18944K, used 18915K [0x00000007aab00000, 0x00000007ac000000, 0x00000007c0000000)
  eden space 16384K, 100% used [0x00000007aab00000,0x00000007abb00000,0x00000007abb00000)
  from space 2560K, 98% used [0x00000007abd80000,0x00000007abff8e08,0x00000007ac000000)
  to   space 2560K, 0% used [0x00000007abb00000,0x00000007abb00000,0x00000007abd80000)
 ParOldGen       total 25088K, used 6666K [0x0000000780000000, 0x0000000781880000, 0x00000007aab00000)
  object space 25088K, 26% used [0x0000000780000000,0x0000000780682b78,0x0000000781880000)
 Metaspace       used 21755K, capacity 21978K, committed 22144K, reserved 1069056K
  class space    used 2758K, capacity 2842K, committed 2944K, reserved 1048576K
Event: 26.202 GC heap after
Heap after GC invocations=6 (full 1):
 PSYoungGen      total 18944K, used 2538K [0x00000007aab00000, 0x00000007ac900000, 0x00000007c0000000)
  eden space 16384K, 0% used [0x00000007aab00000,0x00000007aab00000,0x00000007abb00000)
  from space 2560K, 99% used [0x00000007abb00000,0x00000007abd7a800,0x00000007abd80000)
  to   space 7168K, 0% used [0x00000007ac200000,0x00000007ac200000,0x00000007ac900000)
 ParOldGen       total 25088K, used 10524K [0x0000000780000000, 0x0000000781880000, 0x00000007aab00000)
  object space 25088K, 41% used [0x0000000780000000,0x0000000780a47328,0x0000000781880000)
 Metaspace       used 21755K, capacity 21978K, committed 22144K, reserved 1069056K
  class space    used 2758K, capacity 2842K, committed 2944K, reserved 1048576K
}
Event: 26.419 GC heap before
{Heap before GC invocations=7 (full 1):
 PSYoungGen      total 18944K, used 18922K [0x00000007aab00000, 0x00000007ac900000, 0x00000007c0000000)
  eden space 16384K, 100% used [0x00000007aab00000,0x00000007abb00000,0x00000007abb00000)
  from space 2560K, 99% used [0x00000007abb00000,0x00000007abd7a800,0x00000007abd80000)
  to   space 7168K, 0% used [0x00000007ac200000,0x00000007ac200000,0x00000007ac900000)
 ParOldGen       total 25088K, used 10524K [0x0000000780000000, 0x0000000781880000, 0x00000007aab00000)
  object space 25088K, 41% used [0x0000000780000000,0x0000000780a47328,0x0000000781880000)
 Metaspace       used 21755K, capacity 21978K, committed 22144K, reserved 1069056K
  class space    used 2758K, capacity 2842K, committed 2944K, reserved 1048576K
Event: 26.426 GC heap after
Heap after GC invocations=7 (full 1):
 PSYoungGen      total 22528K, used 7136K [0x00000007aab00000, 0x00000007ad980000, 0x00000007c0000000)
  eden space 15360K, 0% used [0x00000007aab00000,0x00000007aab00000,0x00000007aba00000)
  from space 7168K, 99% used [0x00000007ac200000,0x00000007ac8f8008,0x00000007ac900000)
  to   space 8192K, 0% used [0x00000007aba00000,0x00000007aba00000,0x00000007ac200000)
 ParOldGen       total 25088K, used 11038K [0x0000000780000000, 0x0000000781880000, 0x00000007aab00000)
  object space 25088K, 43% used [0x0000000780000000,0x0000000780ac78b0,0x0000000781880000)
 Metaspace       used 21755K, capacity 21978K, committed 22144K, reserved 1069056K
  class space    used 2758K, capacity 2842K, committed 2944K, reserved 1048576K
}
Event: 26.648 GC heap before
{Heap before GC invocations=8 (full 1):
 PSYoungGen      total 22528K, used 22496K [0x00000007aab00000, 0x00000007ad980000, 0x00000007c0000000)
  eden space 15360K, 100% used [0x00000007aab00000,0x00000007aba00000,0x00000007aba00000)
  from space 7168K, 99% used [0x00000007ac200000,0x00000007ac8f8008,0x00000007ac900000)
  to   space 8192K, 0% used [0x00000007aba00000,0x00000007aba00000,0x00000007ac200000)
 ParOldGen       total 25088K, used 11038K [0x0000000780000000, 0x0000000781880000, 0x00000007aab00000)
  object space 25088K, 43% used [0x0000000780000000,0x0000000780ac78b0,0x0000000781880000)
 Metaspace       used 21755K, capacity 21978K, committed 22144K, reserved 1069056K
  class space    used 2758K, capacity 2842K, committed 2944K, reserved 1048576K
Event: 26.651 GC heap after
Heap after GC invocations=8 (full 1):
 PSYoungGen      total 23552K, used 6477K [0x00000007aab00000, 0x00000007ad780000, 0x00000007c0000000)
  eden space 15360K, 0% used [0x00000007aab00000,0x00000007aab00000,0x00000007aba00000)
  from space 8192K, 79% used [0x00000007aba00000,0x00000007ac0534d0,0x00000007ac200000)
  to   space 8192K, 0% used [0x00000007acf80000,0x00000007acf80000,0x00000007ad780000)
 ParOldGen       total 25088K, used 11038K [0x0000000780000000, 0x0000000781880000, 0x00000007aab00000)
  object space 25088K, 43% used [0x0000000780000000,0x0000000780ac78b0,0x0000000781880000)
 Metaspace       used 21755K, capacity 21978K, committed 22144K, reserved 1069056K
  class space    used 2758K, capacity 2842K, committed 2944K, reserved 1048576K
}
Event: 28.251 GC heap before
{Heap before GC invocations=9 (full 1):
 PSYoungGen      total 23552K, used 21837K [0x00000007aab00000, 0x00000007ad780000, 0x00000007c0000000)
  eden space 15360K, 100% used [0x00000007aab00000,0x00000007aba00000,0x00000007aba00000)
  from space 8192K, 79% used [0x00000007aba00000,0x00000007ac0534d0,0x00000007ac200000)
  to   space 8192K, 0% used [0x00000007acf80000,0x00000007acf80000,0x00000007ad780000)
 ParOldGen       total 25088K, used 11038K [0x0000000780000000, 0x0000000781880000, 0x00000007aab00000)
  object space 25088K, 43% used [0x0000000780000000,0x0000000780ac78b0,0x0000000781880000)
 Metaspace       used 25022K, capacity 25312K, committed 25600K, reserved 1071104K
  class space    used 3188K, capacity 3291K, committed 3328K, reserved 1048576K
Event: 28.256 GC heap after
Heap after GC invocations=9 (full 1):
 PSYoungGen      total 36352K, used 4502K [0x00000007aab00000, 0x00000007ad700000, 0x00000007c0000000)
  eden space 28672K, 0% used [0x00000007aab00000,0x00000007aab00000,0x00000007ac700000)
  from space 7680K, 58% used [0x00000007acf80000,0x00000007ad3e5a48,0x00000007ad700000)
  to   space 8192K, 0% used [0x00000007ac700000,0x00000007ac700000,0x00000007acf00000)
 ParOldGen       total 25088K, used 11758K [0x0000000780000000, 0x0000000781880000, 0x00000007aab00000)
  object space 25088K, 46% used [0x0000000780000000,0x0000000780b7b8b0,0x0000000781880000)
 Metaspace       used 25022K, capacity 25312K, committed 25600K, reserved 1071104K
  class space    used 3188K, capacity 3291K, committed 3328K, reserved 1048576K
}

Deoptimization events (0 events):
No events

Internal exceptions (10 events):
Event: 1.997 Thread 0x00007f861b802000 Exception <a 'java/security/PrivilegedActionException'> (0x00000007aad3d850) thrown at [/Users/java_re/workspace/8-2-build-macosx-x86_64/jdk8u65/4987/hotspot/src/share/vm/prims/jvm.cpp, line 1386]
Event: 1.997 Thread 0x00007f861b802000 Exception <a 'java/security/PrivilegedActionException'> (0x00000007aad3da60) thrown at [/Users/java_re/workspace/8-2-build-macosx-x86_64/jdk8u65/4987/hotspot/src/share/vm/prims/jvm.cpp, line 1386]
Event: 1.998 Thread 0x00007f861b802000 Exception <a 'java/security/PrivilegedActionException'> (0x00000007aad40d00) thrown at [/Users/java_re/workspace/8-2-build-macosx-x86_64/jdk8u65/4987/hotspot/src/share/vm/prims/jvm.cpp, line 1386]
Event: 1.998 Thread 0x00007f861b802000 Exception <a 'java/security/PrivilegedActionException'> (0x00000007aad40f10) thrown at [/Users/java_re/workspace/8-2-build-macosx-x86_64/jdk8u65/4987/hotspot/src/share/vm/prims/jvm.cpp, line 1386]
Event: 2.235 Thread 0x00007f861b802000 Exception <a 'java/lang/NoSuchFieldError': method resolution failed> (0x00000007aae0f2a8) thrown at [/Users/java_re/workspace/8-2-build-macosx-x86_64/jdk8u65/4987/hotspot/src/share/vm/prims/methodHandles.cpp, line 1146]
Event: 2.238 Thread 0x00007f861b802000 Exception <a 'java/lang/NoSuchFieldError': method resolution failed> (0x00000007aae1ca78) thrown at [/Users/java_re/workspace/8-2-build-macosx-x86_64/jdk8u65/4987/hotspot/src/share/vm/prims/methodHandles.cpp, line 1146]
Event: 3.292 Thread 0x00007f861b802000 Exception <a 'java/io/FileNotFoundException'> (0x00000007aae98230) thrown at [/Users/java_re/workspace/8-2-build-macosx-x86_64/jdk8u65/4987/hotspot/src/share/vm/prims/jni.cpp, line 709]
Event: 3.292 Thread 0x00007f861b802000 Exception <a 'java/io/FileNotFoundException'> (0x00000007aae98da0) thrown at [/Users/java_re/workspace/8-2-build-macosx-x86_64/jdk8u65/4987/hotspot/src/share/vm/prims/jni.cpp, line 709]
Event: 11.096 Thread 0x00007f861b831800 Exception <a 'java/lang/NullPointerException'> (0x00000007aaba7ab0) thrown at [/Users/java_re/workspace/8-2-build-macosx-x86_64/jdk8u65/4987/hotspot/src/share/vm/interpreter/linkResolver.cpp, line 1178]
Event: 13.388 Thread 0x00007f861b802000 Exception <a 'java/lang/NoClassDefFoundError': javax/validation/Validation> (0x00000007ab433430) thrown at [/Users/java_re/workspace/8-2-build-macosx-x86_64/jdk8u65/4987/hotspot/src/share/vm/classfile/systemDictionary.cpp, line 199]

Events (10 events):
Event: 248359.334 loading class java/awt/Canvas
Event: 248359.349 Thread 0x00007f861b02d000 Thread exited: 0x00007f861b02d000
Event: 248359.500 loading class java/awt/Canvas done
Event: 248359.500 loading class java/awt/Scrollbar
Event: 248359.592 loading class java/awt/Scrollbar done
Event: 248359.595 loading class java/lang/Shutdown
Event: 248359.638 loading class java/lang/Shutdown done
Event: 248359.711 loading class java/lang/Shutdown$Lock
Event: 248359.711 loading class java/lang/Shutdown$Lock done
Event: 248359.803 Executing VM operation: Exit


Dynamic libraries:
0x0000000009977000 	/System/Library/Frameworks/Cocoa.framework/Versions/A/Cocoa
0x0000000009977000 	/System/Library/Frameworks/Security.framework/Versions/A/Security
0x0000000009977000 	/System/Library/Frameworks/ApplicationServices.framework/Versions/A/ApplicationServices
0x0000000009977000 	/usr/lib/libz.1.dylib
0x0000000009977000 	/usr/lib/libSystem.B.dylib
0x0000000009977000 	/usr/lib/libobjc.A.dylib
0x0000000009977000 	/System/Library/Frameworks/CoreFoundation.framework/Versions/A/CoreFoundation
0x0000000009977000 	/System/Library/Frameworks/Foundation.framework/Versions/C/Foundation
0x0000000009977000 	/System/Library/Frameworks/AppKit.framework/Versions/C/AppKit
0x0000000009977000 	/System/Library/Frameworks/CoreData.framework/Versions/A/CoreData
0x0000000009977000 	/System/Library/PrivateFrameworks/RemoteViewServices.framework/Versions/A/RemoteViewServices
0x0000000009977000 	/System/Library/PrivateFrameworks/UIFoundation.framework/Versions/A/UIFoundation
0x0000000009977000 	/usr/lib/libScreenReader.dylib
0x0000000009977000 	/System/Library/Frameworks/Accelerate.framework/Versions/A/Accelerate
0x0000000009977000 	/System/Library/Frameworks/IOSurface.framework/Versions/A/IOSurface
0x0000000009977000 	/System/Library/Frameworks/AudioToolbox.framework/Versions/A/AudioToolbox
0x0000000009977000 	/System/Library/Frameworks/AudioUnit.framework/Versions/A/AudioUnit
0x0000000009977000 	/System/Library/PrivateFrameworks/DataDetectorsCore.framework/Versions/A/DataDetectorsCore
0x0000000009977000 	/System/Library/PrivateFrameworks/DesktopServicesPriv.framework/Versions/A/DesktopServicesPriv
0x0000000009977000 	/System/Library/Frameworks/Carbon.framework/Versions/A/Frameworks/HIToolbox.framework/Versions/A/HIToolbox
0x0000000009977000 	/System/Library/Frameworks/QuartzCore.framework/Versions/A/QuartzCore
0x0000000009977000 	/System/Library/Frameworks/Carbon.framework/Versions/A/Frameworks/SpeechRecognition.framework/Versions/A/SpeechRecognition
0x0000000009977000 	/usr/lib/libauto.dylib
0x0000000009977000 	/usr/lib/libicucore.A.dylib
0x0000000009977000 	/usr/lib/libxml2.2.dylib
0x0000000009977000 	/System/Library/PrivateFrameworks/CoreUI.framework/Versions/A/CoreUI
0x0000000009977000 	/System/Library/Frameworks/CoreAudio.framework/Versions/A/CoreAudio
0x0000000009977000 	/System/Library/Frameworks/DiskArbitration.framework/Versions/A/DiskArbitration
0x0000000009977000 	/usr/lib/liblangid.dylib
0x0000000009977000 	/System/Library/PrivateFrameworks/MultitouchSupport.framework/Versions/A/MultitouchSupport
0x0000000009977000 	/System/Library/Frameworks/IOKit.framework/Versions/A/IOKit
0x0000000009977000 	/usr/lib/libDiagnosticMessagesClient.dylib
0x0000000009977000 	/System/Library/Frameworks/CoreServices.framework/Versions/A/CoreServices
0x0000000009977000 	/System/Library/PrivateFrameworks/PerformanceAnalysis.framework/Versions/A/PerformanceAnalysis
0x0000000009977000 	/System/Library/PrivateFrameworks/GenerationalStorage.framework/Versions/A/GenerationalStorage
0x0000000009977000 	/System/Library/Frameworks/OpenGL.framework/Versions/A/OpenGL
0x0000000009977000 	/System/Library/PrivateFrameworks/Sharing.framework/Versions/A/Sharing
0x0000000009977000 	/System/Library/Frameworks/CoreGraphics.framework/Versions/A/CoreGraphics
0x0000000009977000 	/System/Library/Frameworks/CoreImage.framework/Versions/A/CoreImage
0x0000000009977000 	/System/Library/Frameworks/CoreText.framework/Versions/A/CoreText
0x0000000009977000 	/System/Library/Frameworks/ImageIO.framework/Versions/A/ImageIO
0x0000000009977000 	/System/Library/PrivateFrameworks/Backup.framework/Versions/A/Backup
0x0000000009977000 	/usr/lib/libextension.dylib
0x0000000009977000 	/usr/lib/libarchive.2.dylib
0x0000000009977000 	/System/Library/Frameworks/CFNetwork.framework/Versions/A/CFNetwork
0x0000000009977000 	/System/Library/Frameworks/SystemConfiguration.framework/Versions/A/SystemConfiguration
0x0000000009977000 	/usr/lib/libCRFSuite.dylib
0x0000000009977000 	/usr/lib/libc++.1.dylib
0x0000000009977000 	/usr/lib/libc++abi.dylib
0x0000000009977000 	/usr/lib/system/libcache.dylib
0x0000000009977000 	/usr/lib/system/libcommonCrypto.dylib
0x0000000009977000 	/usr/lib/system/libcompiler_rt.dylib
0x0000000009977000 	/usr/lib/system/libcopyfile.dylib
0x0000000009977000 	/usr/lib/system/libcorecrypto.dylib
0x0000000009977000 	/usr/lib/system/libdispatch.dylib
0x0000000009977000 	/usr/lib/system/libdyld.dylib
0x0000000009977000 	/usr/lib/system/libkeymgr.dylib
0x0000000009977000 	/usr/lib/system/liblaunch.dylib
0x0000000009977000 	/usr/lib/system/libmacho.dylib
0x0000000009977000 	/usr/lib/system/libquarantine.dylib
0x0000000009977000 	/usr/lib/system/libremovefile.dylib
0x0000000009977000 	/usr/lib/system/libsystem_asl.dylib
0x0000000009977000 	/usr/lib/system/libsystem_blocks.dylib
0x0000000009977000 	/usr/lib/system/libsystem_c.dylib
0x0000000009977000 	/usr/lib/system/libsystem_configuration.dylib
0x0000000009977000 	/usr/lib/system/libsystem_coreservices.dylib
0x0000000009977000 	/usr/lib/system/libsystem_coretls.dylib
0x0000000009977000 	/usr/lib/system/libsystem_dnssd.dylib
0x0000000009977000 	/usr/lib/system/libsystem_info.dylib
0x0000000009977000 	/usr/lib/system/libsystem_kernel.dylib
0x0000000009977000 	/usr/lib/system/libsystem_m.dylib
0x0000000009977000 	/usr/lib/system/libsystem_malloc.dylib
0x0000000009977000 	/usr/lib/system/libsystem_network.dylib
0x0000000009977000 	/usr/lib/system/libsystem_networkextension.dylib
0x0000000009977000 	/usr/lib/system/libsystem_notify.dylib
0x0000000009977000 	/usr/lib/system/libsystem_platform.dylib
0x0000000009977000 	/usr/lib/system/libsystem_pthread.dylib
0x0000000009977000 	/usr/lib/system/libsystem_sandbox.dylib
0x0000000009977000 	/usr/lib/system/libsystem_secinit.dylib
0x0000000009977000 	/usr/lib/system/libsystem_trace.dylib
0x0000000009977000 	/usr/lib/system/libunc.dylib
0x0000000009977000 	/usr/lib/system/libunwind.dylib
0x0000000009977000 	/usr/lib/system/libxpc.dylib
0x0000000009977000 	/usr/lib/libenergytrace.dylib
0x0000000009977000 	/usr/lib/libbsm.0.dylib
0x0000000009977000 	/usr/lib/system/libkxld.dylib
0x0000000009977000 	/usr/lib/libxar.1.dylib
0x0000000009977000 	/usr/lib/libsqlite3.dylib
0x0000000009977000 	/usr/lib/libpam.2.dylib
0x0000000009977000 	/usr/lib/libOpenScriptingUtil.dylib
0x0000000009977000 	/usr/lib/libbz2.1.0.dylib
0x0000000009977000 	/usr/lib/liblzma.5.dylib
0x0000000009977000 	/System/Library/Frameworks/CoreServices.framework/Versions/A/Frameworks/FSEvents.framework/Versions/A/FSEvents
0x0000000009977000 	/System/Library/Frameworks/CoreServices.framework/Versions/A/Frameworks/CarbonCore.framework/Versions/A/CarbonCore
0x0000000009977000 	/System/Library/Frameworks/CoreServices.framework/Versions/A/Frameworks/Metadata.framework/Versions/A/Metadata
0x0000000009977000 	/System/Library/Frameworks/CoreServices.framework/Versions/A/Frameworks/OSServices.framework/Versions/A/OSServices
0x0000000009977000 	/System/Library/Frameworks/CoreServices.framework/Versions/A/Frameworks/SearchKit.framework/Versions/A/SearchKit
0x0000000009977000 	/System/Library/Frameworks/CoreServices.framework/Versions/A/Frameworks/AE.framework/Versions/A/AE
0x0000000009977000 	/System/Library/Frameworks/CoreServices.framework/Versions/A/Frameworks/LaunchServices.framework/Versions/A/LaunchServices
0x0000000009977000 	/System/Library/Frameworks/CoreServices.framework/Versions/A/Frameworks/DictionaryServices.framework/Versions/A/DictionaryServices
0x0000000009977000 	/System/Library/Frameworks/CoreServices.framework/Versions/A/Frameworks/SharedFileList.framework/Versions/A/SharedFileList
0x0000000009977000 	/System/Library/Frameworks/NetFS.framework/Versions/A/NetFS
0x0000000009977000 	/System/Library/PrivateFrameworks/NetAuth.framework/Versions/A/NetAuth
0x0000000009977000 	/System/Library/PrivateFrameworks/login.framework/Versions/A/Frameworks/loginsupport.framework/Versions/A/loginsupport
0x0000000009977000 	/System/Library/PrivateFrameworks/TCC.framework/Versions/A/TCC
0x0000000009977000 	/usr/lib/libmecabra.dylib
0x0000000009977000 	/System/Library/Frameworks/ApplicationServices.framework/Versions/A/Frameworks/ATS.framework/Versions/A/ATS
0x0000000009977000 	/System/Library/Frameworks/ApplicationServices.framework/Versions/A/Frameworks/ColorSync.framework/Versions/A/ColorSync
0x0000000009977000 	/System/Library/Frameworks/ApplicationServices.framework/Versions/A/Frameworks/HIServices.framework/Versions/A/HIServices
0x0000000009977000 	/System/Library/Frameworks/ApplicationServices.framework/Versions/A/Frameworks/LangAnalysis.framework/Versions/A/LangAnalysis
0x0000000009977000 	/System/Library/Frameworks/ApplicationServices.framework/Versions/A/Frameworks/PrintCore.framework/Versions/A/PrintCore
0x0000000009977000 	/System/Library/Frameworks/ApplicationServices.framework/Versions/A/Frameworks/QD.framework/Versions/A/QD
0x0000000009977000 	/System/Library/Frameworks/ApplicationServices.framework/Versions/A/Frameworks/SpeechSynthesis.framework/Versions/A/SpeechSynthesis
0x0000000009977000 	/System/Library/Frameworks/Metal.framework/Versions/A/Metal
0x0000000009977000 	/System/Library/Frameworks/Accelerate.framework/Versions/A/Frameworks/vImage.framework/Versions/A/vImage
0x0000000009977000 	/System/Library/Frameworks/Accelerate.framework/Versions/A/Frameworks/vecLib.framework/Versions/A/vecLib
0x0000000009977000 	/System/Library/Frameworks/Accelerate.framework/Versions/A/Frameworks/vecLib.framework/Versions/A/libvDSP.dylib
0x0000000009977000 	/System/Library/Frameworks/Accelerate.framework/Versions/A/Frameworks/vecLib.framework/Versions/A/libvMisc.dylib
0x0000000009977000 	/System/Library/Frameworks/Accelerate.framework/Versions/A/Frameworks/vecLib.framework/Versions/A/libLAPACK.dylib
0x0000000009977000 	/System/Library/Frameworks/Accelerate.framework/Versions/A/Frameworks/vecLib.framework/Versions/A/libBLAS.dylib
0x0000000009977000 	/System/Library/Frameworks/Accelerate.framework/Versions/A/Frameworks/vecLib.framework/Versions/A/libLinearAlgebra.dylib
0x0000000009977000 	/System/Library/Frameworks/Accelerate.framework/Versions/A/Frameworks/vecLib.framework/Versions/A/libSparseBLAS.dylib
0x0000000009977000 	/System/Library/PrivateFrameworks/GPUCompiler.framework/libmetal_timestamp.dylib
0x0000000009977000 	/System/Library/Frameworks/OpenGL.framework/Versions/A/Libraries/libCoreFSCache.dylib
0x0000000009977000 	/System/Library/PrivateFrameworks/IOAccelerator.framework/Versions/A/IOAccelerator
0x0000000009977000 	/System/Library/Frameworks/ApplicationServices.framework/Versions/A/Frameworks/ATS.framework/Versions/A/Resources/libFontParser.dylib
0x0000000009977000 	/System/Library/Frameworks/ApplicationServices.framework/Versions/A/Frameworks/ATS.framework/Versions/A/Resources/libFontRegistry.dylib
0x0000000009977000 	/System/Library/PrivateFrameworks/AppleVPA.framework/Versions/A/AppleVPA
0x0000000009977000 	/System/Library/PrivateFrameworks/AppleJPEG.framework/Versions/A/AppleJPEG
0x0000000009977000 	/System/Library/Frameworks/ImageIO.framework/Versions/A/Resources/libJPEG.dylib
0x0000000009977000 	/System/Library/Frameworks/ImageIO.framework/Versions/A/Resources/libTIFF.dylib
0x0000000009977000 	/System/Library/Frameworks/ImageIO.framework/Versions/A/Resources/libPng.dylib
0x0000000009977000 	/System/Library/Frameworks/ImageIO.framework/Versions/A/Resources/libGIF.dylib
0x0000000009977000 	/System/Library/Frameworks/ImageIO.framework/Versions/A/Resources/libJP2.dylib
0x0000000009977000 	/System/Library/Frameworks/ImageIO.framework/Versions/A/Resources/libRadiance.dylib
0x0000000009977000 	/System/Library/Frameworks/CoreVideo.framework/Versions/A/CoreVideo
0x0000000009977000 	/System/Library/Frameworks/OpenGL.framework/Versions/A/Libraries/libGLU.dylib
0x0000000009977000 	/System/Library/Frameworks/OpenGL.framework/Versions/A/Libraries/libGFXShared.dylib
0x0000000009977000 	/System/Library/Frameworks/OpenGL.framework/Versions/A/Libraries/libGL.dylib
0x0000000009977000 	/System/Library/Frameworks/OpenGL.framework/Versions/A/Libraries/libGLImage.dylib
0x0000000009977000 	/System/Library/Frameworks/OpenGL.framework/Versions/A/Libraries/libCVMSPluginSupport.dylib
0x0000000009977000 	/System/Library/Frameworks/OpenGL.framework/Versions/A/Libraries/libCoreVMClient.dylib
0x0000000009977000 	/usr/lib/libcups.2.dylib
0x0000000009977000 	/System/Library/Frameworks/Kerberos.framework/Versions/A/Kerberos
0x0000000009977000 	/System/Library/Frameworks/GSS.framework/Versions/A/GSS
0x0000000009977000 	/usr/lib/libresolv.9.dylib
0x0000000009977000 	/usr/lib/libiconv.2.dylib
0x0000000009977000 	/System/Library/PrivateFrameworks/Heimdal.framework/Versions/A/Heimdal
0x0000000009977000 	/usr/lib/libheimdal-asn1.dylib
0x0000000009977000 	/System/Library/Frameworks/OpenDirectory.framework/Versions/A/OpenDirectory
0x0000000009977000 	/System/Library/PrivateFrameworks/CommonAuth.framework/Versions/A/CommonAuth
0x0000000009977000 	/System/Library/Frameworks/OpenDirectory.framework/Versions/A/Frameworks/CFOpenDirectory.framework/Versions/A/CFOpenDirectory
0x0000000009977000 	/System/Library/Frameworks/SecurityFoundation.framework/Versions/A/SecurityFoundation
0x0000000009977000 	/System/Library/PrivateFrameworks/LanguageModeling.framework/Versions/A/LanguageModeling
0x0000000009977000 	/usr/lib/libmarisa.dylib
0x0000000009977000 	/usr/lib/libChineseTokenizer.dylib
0x0000000009977000 	/usr/lib/libcmph.dylib
0x0000000009977000 	/usr/lib/libcompression.dylib
0x0000000009977000 	/System/Library/Frameworks/ServiceManagement.framework/Versions/A/ServiceManagement
0x0000000009977000 	/usr/lib/libxslt.1.dylib
0x0000000009977000 	/System/Library/Frameworks/Carbon.framework/Versions/A/Frameworks/Ink.framework/Versions/A/Ink
0x0000000009977000 	/usr/lib/libFosl_dynamic.dylib
0x0000000009977000 	/System/Library/PrivateFrameworks/FaceCore.framework/Versions/A/FaceCore
0x0000000009977000 	/System/Library/Frameworks/OpenCL.framework/Versions/A/OpenCL
0x0000000009977000 	/System/Library/PrivateFrameworks/CrashReporterSupport.framework/Versions/A/CrashReporterSupport
0x0000000009977000 	/System/Library/PrivateFrameworks/IconServices.framework/Versions/A/IconServices
0x0000000009977000 	/System/Library/PrivateFrameworks/Apple80211.framework/Versions/A/Apple80211
0x0000000009977000 	/System/Library/Frameworks/CoreWLAN.framework/Versions/A/CoreWLAN
0x0000000009977000 	/System/Library/Frameworks/IOBluetooth.framework/Versions/A/IOBluetooth
0x0000000009977000 	/System/Library/PrivateFrameworks/CoreWiFi.framework/Versions/A/CoreWiFi
0x0000000009977000 	/System/Library/Frameworks/CoreBluetooth.framework/Versions/A/CoreBluetooth
0x0000000009977000 	/System/Library/PrivateFrameworks/ChunkingLibrary.framework/Versions/A/ChunkingLibrary
0x0000000009977000 	/System/Library/PrivateFrameworks/DebugSymbols.framework/Versions/A/DebugSymbols
0x0000000009977000 	/System/Library/PrivateFrameworks/CoreSymbolication.framework/Versions/A/CoreSymbolication
0x0000000009977000 	/System/Library/PrivateFrameworks/Symbolication.framework/Versions/A/Symbolication
0x0000000009977000 	/System/Library/PrivateFrameworks/SpeechRecognitionCore.framework/Versions/A/SpeechRecognitionCore
0x0000000104400000 	/Library/Java/JavaVirtualMachines/jdk1.8.0_65.jdk/Contents/Home/jre/lib/server/libjvm.dylib
0x00000001032ab000 	/usr/lib/libstdc++.6.dylib
0x0000000103362000 	/Library/Java/JavaVirtualMachines/jdk1.8.0_65.jdk/Contents/Home/jre/lib/libverify.dylib
0x0000000103370000 	/Library/Java/JavaVirtualMachines/jdk1.8.0_65.jdk/Contents/Home/jre/lib/libjava.dylib
0x00000001033a6000 	/Library/Java/JavaVirtualMachines/jdk1.8.0_65.jdk/Contents/Home/jre/lib/libjdwp.dylib
0x00000001033f1000 	/Library/Java/JavaVirtualMachines/jdk1.8.0_65.jdk/Contents/Home/jre/lib/libnpt.dylib
0x0000000105389000 	/Library/Java/JavaVirtualMachines/jdk1.8.0_65.jdk/Contents/Home/jre/lib/libzip.dylib
0x000000011940b000 	/System/Library/Frameworks/JavaVM.framework/Frameworks/JavaRuntimeSupport.framework/JavaRuntimeSupport
0x0000000119426000 	/System/Library/Frameworks/JavaVM.framework/Versions/A/Frameworks/JavaNativeFoundation.framework/Versions/A/JavaNativeFoundation
0x000000011943b000 	/System/Library/Frameworks/JavaVM.framework/Versions/A/JavaVM
0x0000000009977000 	/System/Library/Frameworks/Carbon.framework/Versions/A/Carbon
0x0000000119448000 	/System/Library/PrivateFrameworks/JavaLaunching.framework/Versions/A/JavaLaunching
0x0000000009977000 	/System/Library/Frameworks/Carbon.framework/Versions/A/Frameworks/CommonPanels.framework/Versions/A/CommonPanels
0x0000000009977000 	/System/Library/Frameworks/Carbon.framework/Versions/A/Frameworks/Help.framework/Versions/A/Help
0x0000000009977000 	/System/Library/Frameworks/Carbon.framework/Versions/A/Frameworks/ImageCapture.framework/Versions/A/ImageCapture
0x0000000009977000 	/System/Library/Frameworks/Carbon.framework/Versions/A/Frameworks/OpenScripting.framework/Versions/A/OpenScripting
0x0000000009977000 	/System/Library/Frameworks/Carbon.framework/Versions/A/Frameworks/Print.framework/Versions/A/Print
0x0000000009977000 	/System/Library/Frameworks/Carbon.framework/Versions/A/Frameworks/SecurityHI.framework/Versions/A/SecurityHI
0x000000011ad69000 	/Library/Java/JavaVirtualMachines/jdk1.8.0_65.jdk/Contents/Home/jre/lib/libdt_socket.dylib
0x000000011ae57000 	/Library/Java/JavaVirtualMachines/jdk1.8.0_65.jdk/Contents/Home/jre/lib/libawt.dylib
0x000000011aeff000 	/Library/Java/JavaVirtualMachines/jdk1.8.0_65.jdk/Contents/Home/jre/lib/./libmlib_image.dylib
0x000000011afcb000 	/Library/Java/JavaVirtualMachines/jdk1.8.0_65.jdk/Contents/Home/jre/lib/libawt_lwawt.dylib
0x000000011b080000 	/Library/Java/JavaVirtualMachines/jdk1.8.0_65.jdk/Contents/Home/jre/lib/./libosxapp.dylib
0x0000000009977000 	/System/Library/Frameworks/ExceptionHandling.framework/Versions/A/ExceptionHandling
0x0000000009977000 	/System/Library/PrivateFrameworks/CoreServicesInternal.framework/Versions/A/CoreServicesInternal
0x0000000009977000 	/System/Library/Frameworks/CoreGraphics.framework/Versions/A/Resources/libRIP.A.dylib
0x000000011bbda000 	/System/Library/Frameworks/Accelerate.framework/Frameworks/vImage.framework/Versions/A/Libraries/libCGInterfaces.dylib
0x0000000009977000 	/System/Library/Frameworks/CoreGraphics.framework/Versions/A/Resources/libCGXType.A.dylib
0x0000000009977000 	/System/Library/Frameworks/OpenCL.framework/Versions/A/Libraries/libcldcpuengine.dylib
0x0000000009977000 	/System/Library/PrivateFrameworks/DiskImages.framework/Versions/A/DiskImages
0x0000000009977000 	/System/Library/Frameworks/DiscRecording.framework/Versions/A/DiscRecording
0x0000000009977000 	/usr/lib/libcsfde.dylib
0x0000000009977000 	/usr/lib/libcurl.4.dylib
0x0000000009977000 	/System/Library/PrivateFrameworks/MediaKit.framework/Versions/A/MediaKit
0x0000000009977000 	/System/Library/PrivateFrameworks/ProtectedCloudStorage.framework/Versions/A/ProtectedCloudStorage
0x0000000009977000 	/usr/lib/libCoreStorage.dylib
0x0000000009977000 	/System/Library/PrivateFrameworks/EFILogin.framework/Versions/A/EFILogin
0x0000000009977000 	/usr/lib/libutil.dylib
0x0000000009977000 	/System/Library/PrivateFrameworks/FindMyDevice.framework/Versions/A/FindMyDevice
0x0000000009977000 	/System/Library/Frameworks/LDAP.framework/Versions/A/LDAP
0x0000000009977000 	/usr/lib/libsasl2.2.dylib
0x0000000009977000 	/System/Library/PrivateFrameworks/CoreDaemon.framework/Versions/B/CoreDaemon
0x0000000009977000 	/usr/lib/libcrypto.0.9.8.dylib
0x0000000009977000 	/System/Library/PrivateFrameworks/AppleSRP.framework/Versions/A/AppleSRP
0x0000000009977000 	/System/Library/PrivateFrameworks/TrustEvaluationAgent.framework/Versions/A/TrustEvaluationAgent
0x000000011c906000 	cl_kernels
0x0000000009977000 	/System/Library/Frameworks/OpenCL.framework/Versions/A/Libraries/ImageFormats/unorm8_bgra.dylib
0x0000000009977000 	/System/Library/Frameworks/OpenCL.framework/Versions/A/Libraries/ImageFormats/unorm8_rgba.dylib
0x0000000009977000 	/System/Library/PrivateFrameworks/FamilyControls.framework/Versions/A/FamilyControls
0x0000000009977000 	/System/Library/PrivateFrameworks/CommerceKit.framework/Versions/A/Frameworks/CommerceCore.framework/Versions/A/CommerceCore
0x0000000009977000 	/System/Library/PrivateFrameworks/SystemAdministration.framework/Versions/A/SystemAdministration
0x0000000009977000 	/System/Library/PrivateFrameworks/AppContainer.framework/Versions/A/AppContainer
0x0000000009977000 	/System/Library/PrivateFrameworks/SecCodeWrapper.framework/Versions/A/SecCodeWrapper
0x0000000009977000 	/System/Library/Frameworks/DirectoryService.framework/Versions/A/DirectoryService
0x0000000009977000 	/System/Library/PrivateFrameworks/LoginUIKit.framework/Versions/A/Frameworks/LoginUICore.framework/Versions/A/LoginUICore
0x0000000009977000 	/usr/lib/libodfde.dylib
0x000000011d920000 	/System/Library/Frameworks/OpenGL.framework/Resources/GLEngine.bundle/GLEngine
0x0000000009977000 	/System/Library/Frameworks/OpenGL.framework/Versions/A/Libraries/libGLProgrammability.dylib
0x000000011db08000 	/System/Library/Extensions/AppleIntelHD3000GraphicsGLDriver.bundle/Contents/MacOS/AppleIntelHD3000GraphicsGLDriver
0x0000000009977000 	/System/Library/PrivateFrameworks/GPUSupport.framework/Versions/A/Libraries/libGPUSupport.dylib
0x000000011dfa7000 	/System/Library/Frameworks/OpenGL.framework/Resources//GLRendererFloat.bundle/GLRendererFloat
0x000000011e371000 	/Library/Java/JavaVirtualMachines/jdk1.8.0_65.jdk/Contents/Home/jre/lib/libfontmanager.dylib
0x000000011e19e000 	/Library/Java/JavaVirtualMachines/jdk1.8.0_65.jdk/Contents/Home/jre/lib/libosxui.dylib
0x000000011f532000 	/Library/Java/JavaVirtualMachines/jdk1.8.0_65.jdk/Contents/Home/jre/lib/libnet.dylib
0x000000011f56e000 	/Library/Java/JavaVirtualMachines/jdk1.8.0_65.jdk/Contents/Home/jre/lib/libnio.dylib
0x0000000009977000 	/System/Library/Frameworks/ApplicationServices.framework/Versions/A/Frameworks/ATS.framework/Versions/A/Resources/libTrueTypeScaler.dylib
0x0000000172dea000 	/Library/Java/JavaVirtualMachines/jdk1.8.0_65.jdk/Contents/Home/jre/lib/libsunec.dylib

VM Arguments:
jvm_args: -Xdebug -Xrunjdwp:transport=dt_socket,address=localhost:56779 -Dfile.encoding=UTF-8 
java_command: view.Main
java_class_path (initial): /Applications/NetBeans/NetBeans 8.1.app/Contents/Resources/NetBeans/java/modules/ext/eclipselink/eclipselink.jar:/Applications/NetBeans/NetBeans 8.1.app/Contents/Resources/NetBeans/java/modules/ext/eclipselink/javax.persistence_2.1.0.v201304241213.jar:/Applications/NetBeans/NetBeans 8.1.app/Contents/Resources/NetBeans/java/modules/ext/eclipselink/org.eclipse.persistence.jpa.jpql_2.5.2.v20140319-9ad6abd.jar:/Applications/NetBeans/NetBeans 8.1.app/Contents/Resources/NetBeans/ide/modules/ext/mysql-connector-java-5.1.23-bin.jar:/Applications/NetBeans/NetBeans 8.1.app/Contents/Resources/NetBeans/ide/modules/ext/postgresql-9.2-1002.jdbc4.jar:/Users/petarpetrov/Documents/RABOTA/copy/NetBeansProjects/Artikli_Bez_Popust/build/classes
Launcher Type: SUN_STANDARD

Environment Variables:
PATH=/usr/bin:/bin:/usr/sbin:/sbin
LD_LIBRARY_PATH=/Library/Java/JavaVirtualMachines/jdk1.8.0_65.jdk/Contents/Home/jre/lib/amd64:/Library/Java/JavaVirtualMachines/jdk1.8.0_65.jdk/Contents/Home/jre/lib/i386:
SHELL=/bin/bash

Signal Handlers:
SIGSEGV: [libjvm.dylib+0x5a6d31], sa_mask[0]=11111111011111110111111111111111, sa_flags=SA_ONSTACK|SA_RESTART|SA_SIGINFO
SIGBUS: [libjvm.dylib+0x5a6d31], sa_mask[0]=11111111011111110111111111111111, sa_flags=SA_RESTART|SA_SIGINFO
SIGFPE: [libjvm.dylib+0x480a40], sa_mask[0]=11111111011111110111111111111111, sa_flags=SA_RESTART|SA_SIGINFO
SIGPIPE: [libjvm.dylib+0x480a40], sa_mask[0]=11111111011111110111111111111111, sa_flags=SA_RESTART|SA_SIGINFO
SIGXFSZ: [libjvm.dylib+0x480a40], sa_mask[0]=11111111011111110111111111111111, sa_flags=SA_RESTART|SA_SIGINFO
SIGILL: [libjvm.dylib+0x480a40], sa_mask[0]=11111111011111110111111111111111, sa_flags=SA_RESTART|SA_SIGINFO
SIGUSR1: SIG_DFL, sa_mask[0]=00000000000000000000000000000000, sa_flags=none
SIGUSR2: [libjvm.dylib+0x48055e], sa_mask[0]=00100000000000000000000000000000, sa_flags=SA_RESTART|SA_SIGINFO
SIGHUP: [libjvm.dylib+0x47eb35], sa_mask[0]=11111111011111110111111111111111, sa_flags=SA_RESTART|SA_SIGINFO
SIGINT: SIG_IGN, sa_mask[0]=00000000000000000000000000000000, sa_flags=none
SIGTERM: [libjvm.dylib+0x47eb35], sa_mask[0]=11111111011111110111111111111111, sa_flags=SA_RESTART|SA_SIGINFO
SIGQUIT: [libjvm.dylib+0x47eb35], sa_mask[0]=11111111011111110111111111111111, sa_flags=SA_RESTART|SA_SIGINFO


---------------  S Y S T E M  ---------------

OS:Bsduname:Darwin 15.2.0 Darwin Kernel Version 15.2.0: Fri Nov 13 19:56:56 PST 2015; root:xnu-3248.20.55~2/RELEASE_X86_64 x86_64
rlimit: STACK 8192k, CORE 0k, NPROC 709, NOFILE 10240, AS infinity
load average:14.23 15.61 17.39

CPU:total 8 (4 cores per cpu, 2 threads per core) family 6 model 42 stepping 7, cmov, cx8, fxsr, mmx, sse, sse2, sse3, ssse3, sse4.1, sse4.2, popcnt, avx, aes, clmul, ht, tsc, tscinvbit

Memory: 4k page, physical 4194304k(491140k free)

/proc/meminfo:


vm_info: Java HotSpot(TM) 64-Bit Server VM (25.65-b01) for bsd-amd64 JRE (1.8.0_65-b17), built on Oct  6 2015 15:36:46 by "java_re" with gcc 4.2.1 (Based on Apple Inc. build 5658) (LLVM build 2336.11.00)

time: Mon Jan 11 08:55:08 2016
elapsed time: 248361 seconds (2d 20h 59m 21s)

